{
  "RSpec": {
    "coverage": {
      "/Users/nicohvi/Workspace/ruby/commitboards/app/controllers/boards_controller.rb": [
        1,
        1,
        1,
        null,
        1,
        4,
        4,
        null,
        null,
        4,
        4,
        null,
        null,
        1,
        0,
        0,
        0,
        null,
        0,
        null,
        null,
        null,
        1,
        0,
        0,
        0,
        null,
        0,
        null,
        null,
        null,
        1,
        1,
        4,
        null,
        null,
        1,
        0,
        null,
        null
      ],
      "/Users/nicohvi/Workspace/ruby/commitboards/app/controllers/application_controller.rb": [
        1,
        null,
        null,
        1,
        1,
        null,
        1,
        4,
        null,
        null,
        1,
        0,
        null,
        null
      ],
      "/Users/nicohvi/Workspace/ruby/commitboards/app/models/board.rb": [
        1,
        null,
        5,
        1,
        null,
        1,
        1,
        null,
        1,
        null,
        1,
        4,
        null,
        null,
        1,
        null,
        null,
        null,
        null,
        null,
        4,
        null,
        null,
        1,
        1,
        7,
        null,
        null,
        null
      ],
      "/Users/nicohvi/Workspace/ruby/commitboards/app/models/user.rb": [
        1,
        1,
        0,
        null,
        1,
        1,
        null,
        1,
        1,
        1,
        null,
        1,
        null,
        1,
        0,
        null,
        null,
        1,
        22,
        null,
        null
      ],
      "/Users/nicohvi/Workspace/ruby/commitboards/app/models/authentication.rb": [
        1,
        1,
        null
      ],
      "/Users/nicohvi/Workspace/ruby/commitboards/app/models/commit.rb": [
        1,
        1,
        1,
        null,
        1,
        null,
        1,
        null,
        1,
        null,
        1,
        null,
        null,
        null,
        null,
        null,
        null,
        null,
        1,
        null,
        null,
        9,
        null,
        1,
        0,
        null,
        null,
        1,
        83,
        null,
        null,
        1,
        164,
        null,
        null,
        1,
        0,
        null,
        null,
        1,
        0,
        null,
        null
      ]
    },
    "timestamp": 1415357773
  }
}
