{
  "RSpec": {
    "coverage": {
      "/Users/nicohvi/Workspace/ruby/commitboards/app/models/board.rb": [
        1,
        null,
        10,
        1,
        null,
        1,
        1,
        null,
        1,
        null,
        1,
        25,
        null,
        null,
        1,
        null,
        null,
        null,
        null,
        null,
        6,
        null,
        null,
        1,
        1,
        7,
        null,
        null,
        null
      ],
      "/Users/nicohvi/Workspace/ruby/commitboards/app/models/user.rb": [
        1,
        1,
        0,
        null,
        1,
        1,
        null,
        1,
        1,
        1,
        null,
        1,
        null,
        1,
        0,
        null,
        null,
        1,
        14,
        null,
        null
      ],
      "/Users/nicohvi/Workspace/ruby/commitboards/app/models/authentication.rb": [
        1,
        1,
        null
      ],
      "/Users/nicohvi/Workspace/ruby/commitboards/app/models/comment.rb": [
        1,
        1,
        1,
        1,
        1,
        null
      ],
      "/Users/nicohvi/Workspace/ruby/commitboards/app/models/commit.rb": [
        1,
        1,
        1,
        null,
        6,
        null,
        1,
        null,
        1,
        null,
        1,
        null,
        null,
        null,
        null,
        null,
        null,
        null,
        1,
        null,
        null,
        13,
        null,
        1,
        16,
        null,
        null,
        1,
        6,
        null,
        null,
        1,
        13,
        null,
        null,
        1,
        0,
        null,
        null,
        1,
        4,
        null,
        null
      ],
      "/Users/nicohvi/Workspace/ruby/commitboards/app/controllers/oauths_controller.rb": [
        null,
        1,
        1,
        null,
        null,
        null,
        1,
        0,
        0,
        null,
        null,
        1,
        null,
        0,
        null,
        0,
        0,
        0,
        0,
        null,
        null,
        null,
        null,
        0,
        null,
        0,
        null,
        0,
        0,
        0,
        null,
        0,
        0,
        0,
        null,
        0,
        null,
        null,
        null,
        1,
        null,
        1,
        0,
        0,
        null,
        0,
        null,
        null,
        1,
        0,
        null,
        null,
        null,
        null,
        0,
        0,
        null,
        null,
        null,
        null
      ],
      "/Users/nicohvi/Workspace/ruby/commitboards/app/controllers/application_controller.rb": [
        1,
        null,
        null,
        1,
        1,
        null,
        1,
        19,
        null,
        null,
        1,
        0,
        null,
        null
      ],
      "/Users/nicohvi/Workspace/ruby/commitboards/app/controllers/sessions_controller.rb": [
        1,
        1,
        3,
        null,
        0,
        null,
        null,
        3,
        null,
        null,
        1,
        0,
        0,
        null,
        null
      ],
      "/Users/nicohvi/Workspace/ruby/commitboards/app/controllers/dashboards_controller.rb": [
        1,
        1,
        1,
        null,
        null
      ],
      "/Users/nicohvi/Workspace/ruby/commitboards/app/models/user_board_token.rb": [
        1,
        1,
        1,
        null,
        1,
        1,
        null,
        1,
        null,
        1,
        3,
        null,
        null,
        1,
        3,
        null,
        null,
        1,
        1,
        3,
        null,
        null
      ],
      "/Users/nicohvi/Workspace/ruby/commitboards/app/controllers/boards_controller.rb": [
        1,
        1,
        1,
        null,
        1,
        3,
        0,
        null,
        null,
        3,
        3,
        null,
        null,
        1,
        0,
        0,
        0,
        null,
        0,
        null,
        null,
        null,
        1,
        0,
        0,
        0,
        null,
        0,
        null,
        null,
        null,
        1,
        1,
        3,
        null,
        null,
        1,
        0,
        null,
        null
      ],
      "/Users/nicohvi/Workspace/ruby/commitboards/app/controllers/commits_controller.rb": [
        1,
        1,
        null,
        1,
        1,
        null,
        1,
        0,
        null,
        0,
        null,
        null,
        null,
        0,
        null,
        null,
        1,
        3,
        null,
        3,
        3,
        null,
        3,
        3,
        null,
        0,
        null,
        null,
        null,
        null,
        1,
        null,
        1,
        3,
        null,
        null,
        1,
        3,
        null,
        null,
        1,
        0,
        0,
        0,
        null,
        null,
        null,
        1,
        0,
        null,
        null,
        null
      ],
      "/Users/nicohvi/Workspace/ruby/commitboards/app/controllers/comments_controller.rb": [
        1,
        1,
        1,
        1,
        null,
        1,
        1,
        1,
        1,
        1,
        null,
        null,
        1,
        1,
        1,
        null,
        null,
        null,
        1,
        1,
        null,
        null,
        1,
        1,
        null,
        null
      ]
    },
    "timestamp": 1415369557
  }
}
